0 info it worked if it ends with ok
1 verbose cli [ 'node', '/usr/local/bin/npm', 'install', 'github', '--save' ]
2 info using npm@1.4.28
3 info using node@v0.10.38
4 warn package.json front-dashboard@1.0.0 No description
5 warn package.json async@1.4.2 No README data
6 verbose readDependencies using package.json deps
7 verbose cache add [ 'github', null ]
8 verbose cache add name=undefined spec="github" args=["github",null]
9 verbose parsed url { protocol: null,
9 verbose parsed url   slashes: null,
9 verbose parsed url   auth: null,
9 verbose parsed url   host: null,
9 verbose parsed url   port: null,
9 verbose parsed url   hostname: null,
9 verbose parsed url   hash: null,
9 verbose parsed url   search: null,
9 verbose parsed url   query: null,
9 verbose parsed url   pathname: 'github',
9 verbose parsed url   path: 'github',
9 verbose parsed url   href: 'github' }
10 silly lockFile 64b2b6d1-github github
11 verbose lock github /Users/quentez/.npm/64b2b6d1-github.lock
12 silly lockFile 64b2b6d1-github github
13 silly lockFile 64b2b6d1-github github
14 verbose addNamed [ 'github', '' ]
15 verbose addNamed [ null, '*' ]
16 silly lockFile 0f2fca9f-github github@
17 verbose lock github@ /Users/quentez/.npm/0f2fca9f-github.lock
18 silly addNameRange { name: 'github', range: '*', hasData: false }
19 verbose request where is /github
20 verbose request registry https://registry.npmjs.org/
21 verbose request id 9ae1bdf28372d80d
22 verbose url raw /github
23 verbose url resolving [ 'https://registry.npmjs.org/', './github' ]
24 verbose url resolved https://registry.npmjs.org/github
25 verbose request where is https://registry.npmjs.org/github
26 info trying registry request attempt 1 at 19:19:42
27 verbose etag "4IB2204HX0VEAHBBP7H1NK9Y6"
28 http GET https://registry.npmjs.org/github
29 http 304 https://registry.npmjs.org/github
30 silly registry.get cb [ 304,
30 silly registry.get   { date: 'Mon, 17 Aug 2015 02:19:42 GMT',
30 silly registry.get     via: '1.1 varnish',
30 silly registry.get     'cache-control': 'max-age=60',
30 silly registry.get     etag: '"4IB2204HX0VEAHBBP7H1NK9Y6"',
30 silly registry.get     age: '23',
30 silly registry.get     connection: 'keep-alive',
30 silly registry.get     'x-served-by': 'cache-lax1424-LAX',
30 silly registry.get     'x-cache': 'HIT',
30 silly registry.get     'x-cache-hits': '1',
30 silly registry.get     'x-timer': 'S1439777982.883361,VS0,VE0',
30 silly registry.get     vary: 'Accept' } ]
31 verbose etag https://registry.npmjs.org/github from cache
32 silly addNameRange number 2 { name: 'github', range: '*', hasData: true }
33 silly addNameRange versions [ 'github',
33 silly addNameRange   [ '0.0.1',
33 silly addNameRange     '0.0.2',
33 silly addNameRange     '0.0.3',
33 silly addNameRange     '0.0.4',
33 silly addNameRange     '0.0.5',
33 silly addNameRange     '0.0.6',
33 silly addNameRange     '0.0.7',
33 silly addNameRange     '0.0.8',
33 silly addNameRange     '0.1.0',
33 silly addNameRange     '0.1.1',
33 silly addNameRange     '0.1.2',
33 silly addNameRange     '0.1.3',
33 silly addNameRange     '0.1.4',
33 silly addNameRange     '0.1.5',
33 silly addNameRange     '0.1.6',
33 silly addNameRange     '0.1.7',
33 silly addNameRange     '0.1.8',
33 silly addNameRange     '0.1.9',
33 silly addNameRange     '0.1.10',
33 silly addNameRange     '0.1.11',
33 silly addNameRange     '0.1.12',
33 silly addNameRange     '0.1.13',
33 silly addNameRange     '0.1.14',
33 silly addNameRange     '0.1.15',
33 silly addNameRange     '0.1.16',
33 silly addNameRange     '0.2.0',
33 silly addNameRange     '0.2.1',
33 silly addNameRange     '0.2.2',
33 silly addNameRange     '0.2.3',
33 silly addNameRange     '0.2.4' ] ]
34 verbose addNamed [ 'github', '0.2.4' ]
35 verbose addNamed [ '0.2.4', '0.2.4' ]
36 silly lockFile 581ae64c-github-0-2-4 github@0.2.4
37 verbose lock github@0.2.4 /Users/quentez/.npm/581ae64c-github-0-2-4.lock
38 silly lockFile 90d3f43f-pmjs-org-github-github-0-2-4-tgz https://registry.npmjs.org/github/-/github-0.2.4.tgz
39 verbose lock https://registry.npmjs.org/github/-/github-0.2.4.tgz /Users/quentez/.npm/90d3f43f-pmjs-org-github-github-0-2-4-tgz.lock
40 verbose addRemoteTarball [ 'https://registry.npmjs.org/github/-/github-0.2.4.tgz',
40 verbose addRemoteTarball   '24fa7f0e13fa11b946af91134c51982a91ce538b' ]
41 info retry fetch attempt 1 at 19:19:42
42 verbose fetch to= /var/folders/z2/t9xg16px56g63r47l4nm0x0c0000gn/T/npm-8157-YvarAc1q/registry.npmjs.org/github/-/github-0.2.4.tgz
43 http GET https://registry.npmjs.org/github/-/github-0.2.4.tgz
44 http 200 https://registry.npmjs.org/github/-/github-0.2.4.tgz
45 silly lockFile 90d3f43f-pmjs-org-github-github-0-2-4-tgz https://registry.npmjs.org/github/-/github-0.2.4.tgz
46 silly lockFile 90d3f43f-pmjs-org-github-github-0-2-4-tgz https://registry.npmjs.org/github/-/github-0.2.4.tgz
47 silly lockFile 581ae64c-github-0-2-4 github@0.2.4
48 silly lockFile 581ae64c-github-0-2-4 github@0.2.4
49 silly lockFile 0f2fca9f-github github@
50 silly lockFile 0f2fca9f-github github@
51 error Error: EACCES, mkdir '/Users/quentez/.npm/github/0.2.4'
51 error  { [Error: EACCES, mkdir '/Users/quentez/.npm/github/0.2.4']
51 error   errno: 3,
51 error   code: 'EACCES',
51 error   path: '/Users/quentez/.npm/github/0.2.4',
51 error   parent: 'front-dashboard' }
52 error Please try running this command again as root/Administrator.
53 error System Darwin 14.5.0
54 error command "node" "/usr/local/bin/npm" "install" "github" "--save"
55 error cwd /Users/quentez/Projects/front-dashboard
56 error node -v v0.10.38
57 error npm -v 1.4.28
58 error path /Users/quentez/.npm/github/0.2.4
59 error code EACCES
60 error errno 3
61 error stack Error: EACCES, mkdir '/Users/quentez/.npm/github/0.2.4'
62 verbose exit [ 3, true ]
